[WARN ] 2024-08-12 20:25:15.095 [main] LabelBuilder - Composite tag @EPIC is not supported. adding it as RAW
[WARN ] 2024-08-12 20:25:15.100 [main] LabelBuilder - Composite tag @FEATURE is not supported. adding it as RAW
[WARN ] 2024-08-12 20:25:15.101 [main] LabelBuilder - Composite tag @STORY is not supported. adding it as RAW
[WARN ] 2024-08-12 20:25:15.101 [main] LabelBuilder - Composite tag @DESCRIPTION is not supported. adding it as RAW
[WARN ] 2024-08-12 20:25:15.104 [main] LabelBuilder - Composite tag @TAG is not supported. adding it as RAW
[INFO ] 2024-08-12 20:25:15.134 [main] Log - Instantiating Browser...
[INFO ] 2024-08-12 20:25:22.777 [main] Log - Maximize the window...
[INFO ] 2024-08-12 20:25:22.786 [main] Log - Delete Cookies...
[INFO ] 2024-08-12 20:25:22.968 [main] Log - A new user is on register page
[INFO ] 2024-08-12 20:25:27.162 [main] Log - A new user fill out form with to register
[INFO ] 2024-08-12 20:25:32.707 [main] Log - A new user clicks on register
[INFO ] 2024-08-12 20:25:32.968 [main] Log - The system create new account for each new user
[INFO ] 2024-08-12 20:25:33.435 [main] Log - Tests are ending ... 
[WARN ] 2024-08-12 20:25:33.556 [main] LabelBuilder - Composite tag @EPIC is not supported. adding it as RAW
[WARN ] 2024-08-12 20:25:33.559 [main] LabelBuilder - Composite tag @FEATURE is not supported. adding it as RAW
[WARN ] 2024-08-12 20:25:33.559 [main] LabelBuilder - Composite tag @STORY is not supported. adding it as RAW
[WARN ] 2024-08-12 20:25:33.559 [main] LabelBuilder - Composite tag @DESCRIPTION is not supported. adding it as RAW
[WARN ] 2024-08-12 20:25:33.561 [main] LabelBuilder - Composite tag @TAG is not supported. adding it as RAW
[INFO ] 2024-08-12 20:25:33.565 [main] Log - Instantiating Browser...
[INFO ] 2024-08-12 20:25:40.808 [main] Log - Maximize the window...
[INFO ] 2024-08-12 20:25:40.817 [main] Log - Delete Cookies...
[INFO ] 2024-08-12 20:25:40.828 [main] Log - A new user is on register page
[INFO ] 2024-08-12 20:25:44.268 [main] Log - A new user fill out form with to register
[INFO ] 2024-08-12 20:25:49.445 [main] Log - A new user clicks on register
[INFO ] 2024-08-12 20:25:49.684 [main] Log - The system create new account for each new user
[INFO ] 2024-08-12 20:25:50.104 [main] Log - Tests are ending ... 
[WARN ] 2024-08-12 20:27:07.805 [main] LabelBuilder - Composite tag @ALLURE.LABEL.OWNER is not supported. adding it as RAW
[INFO ] 2024-08-12 20:27:07.847 [main] Log - Instantiating Browser...
[INFO ] 2024-08-12 20:27:14.425 [main] Log - Maximize the window...
[INFO ] 2024-08-12 20:27:14.432 [main] Log - Delete Cookies...
[INFO ] 2024-08-12 20:27:14.602 [main] Log - User go to login page
[INFO ] 2024-08-12 20:27:18.516 [main] Log - Login with credentials corrects
[INFO ] 2024-08-12 20:27:19.289 [main] Log - user goes to Add New Address register
[INFO ] 2024-08-12 20:27:19.430 [main] Log - user fill out form to New Address
[INFO ] 2024-08-12 20:27:29.186 [main] Log - User fill out form to address register twice
[INFO ] 2024-08-12 20:27:35.248 [main] Log - the addresses are saved ok
[INFO ] 2024-08-12 20:27:35.327 [main] Log - Tests are ending ... 
[WARN ] 2024-08-12 20:36:18.780 [main] LabelBuilder - Composite tag @ALLURE.LABEL.OWNER is not supported. adding it as RAW
[INFO ] 2024-08-12 20:36:18.809 [main] Log - Instantiating Browser...
[INFO ] 2024-08-12 20:36:23.335 [main] Log - Maximize the window...
[INFO ] 2024-08-12 20:36:23.343 [main] Log - Delete Cookies...
[INFO ] 2024-08-12 20:36:23.487 [main] Log - User go to login page
[INFO ] 2024-08-12 20:36:27.121 [main] Log - Login with credentials corrects
[INFO ] 2024-08-12 20:36:27.897 [main] Log - user goes to Add New Address register
[INFO ] 2024-08-12 20:36:27.971 [main] Log - user fill out form to New Address
[INFO ] 2024-08-12 20:36:37.949 [main] Log - User fill out form to address register twice
[INFO ] 2024-08-12 20:36:44.107 [main] Log - the addresses are saved ok
[INFO ] 2024-08-12 20:36:44.353 [main] Log - Tests are ending ... 
[WARN ] 2024-08-12 20:41:44.489 [main] LabelBuilder - Composite tag @ALLURE.LABEL.OWNER is not supported. adding it as RAW
[INFO ] 2024-08-12 20:41:44.514 [main] Log - Instantiating Browser...
[INFO ] 2024-08-12 20:41:49.347 [main] Log - Maximize the window...
[INFO ] 2024-08-12 20:41:49.355 [main] Log - Delete Cookies...
[INFO ] 2024-08-12 20:41:49.499 [main] Log - User go to login page
[INFO ] 2024-08-12 20:41:53.431 [main] Log - Login with credentials corrects
[INFO ] 2024-08-12 20:41:54.203 [main] Log - user goes to Add New Address register
[INFO ] 2024-08-12 20:41:54.297 [main] Log - user fill out form to New Address
[INFO ] 2024-08-12 20:42:03.865 [main] Log - User fill out form to address register twice
[INFO ] 2024-08-12 20:42:09.971 [main] Log - the addresses are saved ok
[INFO ] 2024-08-12 20:42:10.056 [main] Log - Tests are ending ... 
[INFO ] 2024-08-12 21:02:02.181 [main] Log - Instantiating Browser...
[INFO ] 2024-08-12 21:02:08.800 [main] Log - Maximize the window...
[INFO ] 2024-08-12 21:02:08.811 [main] Log - Delete Cookies...
[INFO ] 2024-08-12 21:02:08.964 [main] Log - The user is on the login page
[INFO ] 2024-08-12 21:02:12.814 [main] Log - Login with credentials corrects
[INFO ] 2024-08-12 21:02:13.678 [main] Log - The user add 3 products... (Apple, Banana, T-shirt)
[INFO ] 2024-08-12 21:02:15.726 [main] Log - The user select second address and first payment methods
[INFO ] 2024-08-12 21:02:33.386 [main] Log - Tests are ending ... 
[INFO ] 2024-08-12 21:02:33.476 [main] Log - Instantiating Browser...
[INFO ] 2024-08-12 21:02:37.959 [main] Log - Maximize the window...
[INFO ] 2024-08-12 21:02:37.966 [main] Log - Delete Cookies...
[INFO ] 2024-08-12 21:02:38.045 [main] Log - The user is on the login page
[INFO ] 2024-08-12 21:02:41.920 [main] Log - Login with credentials corrects
[INFO ] 2024-08-12 21:02:42.669 [main] Log - The user add two products random to basket
[INFO ] 2024-08-12 21:02:43.919 [main] Log - The user select second address and first payment methods
[INFO ] 2024-08-12 21:02:44.230 [main] Log - Tests are ending ... 
[INFO ] 2024-08-12 21:06:04.967 [main] Log - Instantiating Browser...
[INFO ] 2024-08-12 21:06:09.342 [main] Log - Maximize the window...
[INFO ] 2024-08-12 21:06:09.351 [main] Log - Delete Cookies...
[INFO ] 2024-08-12 21:06:09.484 [main] Log - The user is on the login page
[INFO ] 2024-08-12 21:06:12.955 [main] Log - The user fill out form with credentials ok
[INFO ] 2024-08-12 21:06:13.574 [main] Log - The user clicks on Log In
[INFO ] 2024-08-12 21:06:13.822 [main] Log - The user logs into his account
[INFO ] 2024-08-12 21:06:19.054 [main] Log - Tests are ending ... 
[INFO ] 2024-08-12 21:06:19.108 [main] Log - Instantiating Browser...
[INFO ] 2024-08-12 21:06:23.369 [main] Log - Maximize the window...
[INFO ] 2024-08-12 21:06:23.377 [main] Log - Delete Cookies...
[INFO ] 2024-08-12 21:06:23.413 [main] Log - The user is on the login page
[INFO ] 2024-08-12 21:06:26.590 [main] Log - The user fill out form with credentials fails
[INFO ] 2024-08-12 21:06:27.252 [main] Log - The user clicks on Log In
[INFO ] 2024-08-12 21:06:27.517 [main] Log - The user see Invalid email or password
[INFO ] 2024-08-12 21:06:27.578 [main] Log - Tests are ending ... 
[INFO ] 2024-08-12 21:12:12.159 [main] Log - Instantiating Browser...
[INFO ] 2024-08-12 21:12:16.820 [main] Log - Maximize the window...
[INFO ] 2024-08-12 21:12:16.828 [main] Log - Delete Cookies...
[INFO ] 2024-08-12 21:12:16.968 [main] Log - The user is on the login page
[INFO ] 2024-08-12 21:12:20.850 [main] Log - The user fill out form with credentials ok
[INFO ] 2024-08-12 21:12:21.358 [main] Log - The user clicks on Log In
[INFO ] 2024-08-12 21:12:21.605 [main] Log - The user logs into his account
[INFO ] 2024-08-12 21:12:21.848 [main] Log - Tests are ending ... 
[INFO ] 2024-08-12 21:12:21.975 [main] Log - Instantiating Browser...
[INFO ] 2024-08-12 21:12:26.168 [main] Log - Maximize the window...
[INFO ] 2024-08-12 21:12:26.177 [main] Log - Delete Cookies...
[INFO ] 2024-08-12 21:12:26.189 [main] Log - The user is on the login page
[INFO ] 2024-08-12 21:12:29.518 [main] Log - The user fill out form with credentials fails
[INFO ] 2024-08-12 21:12:30.429 [main] Log - The user clicks on Log In
[INFO ] 2024-08-12 21:12:30.705 [main] Log - The user see Invalid email or password
[INFO ] 2024-08-12 21:12:30.799 [main] Log - Tests are ending ... 
[WARN ] 2024-08-12 21:23:18.336 [main] LabelBuilder - Composite tag @ALLURE.LABEL.OWNER is not supported. adding it as RAW
[INFO ] 2024-08-12 21:23:18.366 [main] Log - Instantiating Browser...
[INFO ] 2024-08-12 21:23:22.666 [main] Log - Maximize the window...
[INFO ] 2024-08-12 21:23:22.674 [main] Log - Delete Cookies...
[INFO ] 2024-08-12 21:23:22.822 [main] Log - User go to login page
[INFO ] 2024-08-12 21:23:26.104 [main] Log - Login with credentials corrects
[INFO ] 2024-08-12 21:23:26.978 [main] Log - user goes to Add New Address register
[INFO ] 2024-08-12 21:23:27.033 [main] Log - user fill out form to New Address
[INFO ] 2024-08-12 21:23:37.079 [main] Log - User fill out form to address register twice
[INFO ] 2024-08-12 21:23:43.285 [main] Log - the addresses are saved ok
[INFO ] 2024-08-12 21:23:53.831 [main] Log - Tests are ending ... 
[WARN ] 2024-08-12 21:24:35.625 [main] LabelBuilder - Composite tag @EPIC is not supported. adding it as RAW
[WARN ] 2024-08-12 21:24:35.635 [main] LabelBuilder - Composite tag @FEATURE is not supported. adding it as RAW
[WARN ] 2024-08-12 21:24:35.635 [main] LabelBuilder - Composite tag @STORY is not supported. adding it as RAW
[WARN ] 2024-08-12 21:24:35.635 [main] LabelBuilder - Composite tag @DESCRIPTION is not supported. adding it as RAW
[WARN ] 2024-08-12 21:24:35.638 [main] LabelBuilder - Composite tag @TAG is not supported. adding it as RAW
[INFO ] 2024-08-12 21:24:35.663 [main] Log - Instantiating Browser...
[INFO ] 2024-08-12 21:24:40.491 [main] Log - Maximize the window...
[INFO ] 2024-08-12 21:24:40.500 [main] Log - Delete Cookies...
[INFO ] 2024-08-12 21:24:40.627 [main] Log - A new user is on register page
[INFO ] 2024-08-12 21:24:44.328 [main] Log - A new user fill out form with to register
[INFO ] 2024-08-12 21:24:50.015 [main] Log - A new user clicks on register
[INFO ] 2024-08-12 21:24:50.263 [main] Log - The system create new account for each new user
[INFO ] 2024-08-12 21:24:55.401 [main] Log - Tests are ending ... 
[WARN ] 2024-08-12 21:24:55.456 [main] LabelBuilder - Composite tag @EPIC is not supported. adding it as RAW
[WARN ] 2024-08-12 21:24:55.456 [main] LabelBuilder - Composite tag @FEATURE is not supported. adding it as RAW
[WARN ] 2024-08-12 21:24:55.457 [main] LabelBuilder - Composite tag @STORY is not supported. adding it as RAW
[WARN ] 2024-08-12 21:24:55.457 [main] LabelBuilder - Composite tag @DESCRIPTION is not supported. adding it as RAW
[WARN ] 2024-08-12 21:24:55.458 [main] LabelBuilder - Composite tag @TAG is not supported. adding it as RAW
[INFO ] 2024-08-12 21:24:55.461 [main] Log - Instantiating Browser...
[INFO ] 2024-08-12 21:24:59.282 [main] Log - Maximize the window...
[INFO ] 2024-08-12 21:24:59.289 [main] Log - Delete Cookies...
[INFO ] 2024-08-12 21:24:59.308 [main] Log - A new user is on register page
[INFO ] 2024-08-12 21:25:02.794 [main] Log - A new user fill out form with to register
[INFO ] 2024-08-12 21:25:08.294 [main] Log - A new user clicks on register
[INFO ] 2024-08-12 21:25:08.548 [main] Log - The system create new account for each new user
[INFO ] 2024-08-12 21:25:13.683 [main] Log - Tests are ending ... 
[WARN ] 2024-08-12 21:26:41.862 [main] LabelBuilder - Composite tag @ALLURE.LABEL.OWNER is not supported. adding it as RAW
[INFO ] 2024-08-12 21:26:41.888 [main] Log - Instantiating Browser...
[INFO ] 2024-08-12 21:26:46.660 [main] Log - Maximize the window...
[INFO ] 2024-08-12 21:26:46.668 [main] Log - Delete Cookies...
[INFO ] 2024-08-12 21:26:46.812 [main] Log - User go to login page
[INFO ] 2024-08-12 21:26:50.572 [main] Log - Login with credentials corrects
[INFO ] 2024-08-12 21:26:51.323 [main] Log - user goes to Add New Address register
[INFO ] 2024-08-12 21:26:51.392 [main] Log - user fill out form to New Address
[INFO ] 2024-08-12 21:27:01.399 [main] Log - User fill out form to address register twice
[INFO ] 2024-08-12 21:27:07.476 [main] Log - the addresses are saved ok
[INFO ] 2024-08-12 21:27:07.576 [main] Log - Tests are ending ... 
[INFO ] 2024-08-12 21:27:33.197 [main] Log - Instantiating Browser...
[INFO ] 2024-08-12 21:27:37.538 [main] Log - Maximize the window...
[INFO ] 2024-08-12 21:27:37.546 [main] Log - Delete Cookies...
[INFO ] 2024-08-12 21:27:37.687 [main] Log - User go to login page
[INFO ] 2024-08-12 21:27:41.171 [main] Log - Login with credentials corrects
[INFO ] 2024-08-12 21:27:41.963 [main] Log - user goes to Add New Payment Methods
[INFO ] 2024-08-12 21:27:42.022 [main] Log - user fill out form to add Payment Methods
[INFO ] 2024-08-12 21:27:55.701 [main] Log - user fill out form with new Payment Method
[INFO ] 2024-08-12 21:27:56.905 [main] Log - user saved the Payment Methods
[INFO ] 2024-08-12 21:27:56.956 [main] Log - Tests are ending ... 
[INFO ] 2024-08-12 21:28:20.120 [main] Log - Instantiating Browser...
[INFO ] 2024-08-12 21:28:24.514 [main] Log - Maximize the window...
[INFO ] 2024-08-12 21:28:24.522 [main] Log - Delete Cookies...
[INFO ] 2024-08-12 21:28:24.655 [main] Log - The user is on the login page
[INFO ] 2024-08-12 21:28:29.099 [main] Log - The user fill out form with credentials ok
[INFO ] 2024-08-12 21:28:29.795 [main] Log - The user clicks on Log In
[INFO ] 2024-08-12 21:28:30.054 [main] Log - The user logs into his account
[INFO ] 2024-08-12 21:28:30.166 [main] Log - Tests are ending ... 
[INFO ] 2024-08-12 21:28:30.217 [main] Log - Instantiating Browser...
[INFO ] 2024-08-12 21:28:34.393 [main] Log - Maximize the window...
[INFO ] 2024-08-12 21:28:34.402 [main] Log - Delete Cookies...
[INFO ] 2024-08-12 21:28:34.413 [main] Log - The user is on the login page
[INFO ] 2024-08-12 21:28:38.110 [main] Log - The user fill out form with credentials fails
[INFO ] 2024-08-12 21:28:38.702 [main] Log - The user clicks on Log In
[INFO ] 2024-08-12 21:28:38.966 [main] Log - The user see Invalid email or password
[INFO ] 2024-08-12 21:28:39.029 [main] Log - Tests are ending ... 
[INFO ] 2024-08-12 21:29:07.738 [main] Log - Instantiating Browser...
[INFO ] 2024-08-12 21:29:11.999 [main] Log - Maximize the window...
[INFO ] 2024-08-12 21:29:12.008 [main] Log - Delete Cookies...
[INFO ] 2024-08-12 21:29:12.171 [main] Log - The user is on the login page
[INFO ] 2024-08-12 21:29:15.518 [main] Log - The user fill out form with credentials ok
[INFO ] 2024-08-12 21:29:16.057 [main] Log - The user clicks on Log In
[INFO ] 2024-08-12 21:29:16.300 [main] Log - The user logs into his account
[INFO ] 2024-08-12 21:29:16.561 [main] Log - Tests are ending ... 
[INFO ] 2024-08-12 21:29:16.644 [main] Log - Instantiating Browser...
[INFO ] 2024-08-12 21:29:20.777 [main] Log - Maximize the window...
[INFO ] 2024-08-12 21:29:20.783 [main] Log - Delete Cookies...
[INFO ] 2024-08-12 21:29:20.795 [main] Log - The user is on the login page
[INFO ] 2024-08-12 21:29:23.751 [main] Log - The user fill out form with credentials fails
[INFO ] 2024-08-12 21:29:24.368 [main] Log - The user clicks on Log In
[INFO ] 2024-08-12 21:29:24.635 [main] Log - The user see Invalid email or password
[INFO ] 2024-08-12 21:29:24.700 [main] Log - Tests are ending ... 
[INFO ] 2024-08-12 21:30:04.090 [main] Log - Instantiating Browser...
[INFO ] 2024-08-12 21:30:08.415 [main] Log - Maximize the window...
[INFO ] 2024-08-12 21:30:08.424 [main] Log - Delete Cookies...
[INFO ] 2024-08-12 21:30:08.557 [main] Log - The user is on the login page
[INFO ] 2024-08-12 21:30:12.565 [main] Log - Login with credentials corrects
[INFO ] 2024-08-12 21:30:13.418 [main] Log - The user add 3 products... (Apple, Banana, T-shirt)
[INFO ] 2024-08-12 21:30:15.639 [main] Log - The user select second address and first payment methods
[INFO ] 2024-08-12 21:30:29.705 [main] Log - The user do purchase
[INFO ] 2024-08-12 21:30:30.163 [main] Log - Tests are ending ... 
[INFO ] 2024-08-12 21:30:30.224 [main] Log - Instantiating Browser...
[INFO ] 2024-08-12 21:30:34.065 [main] Log - Maximize the window...
[INFO ] 2024-08-12 21:30:34.074 [main] Log - Delete Cookies...
[INFO ] 2024-08-12 21:30:34.133 [main] Log - The user is on the login page
[INFO ] 2024-08-12 21:30:44.202 [main] Log - Login with credentials corrects
[INFO ] 2024-08-12 21:30:45.340 [main] Log - The user add two products random to basket
[INFO ] 2024-08-12 21:30:46.460 [main] Log - Tests are ending ... 
[WARN ] 2024-08-12 22:02:40.702 [main] LabelBuilder - Composite tag @ALLURE.LABEL.OWNER is not supported. adding it as RAW
[INFO ] 2024-08-12 22:02:40.758 [main] Log - Instantiating Browser...
[INFO ] 2024-08-12 22:02:52.405 [main] Log - Maximize the window...
[INFO ] 2024-08-12 22:02:52.415 [main] Log - Delete Cookies...
[INFO ] 2024-08-12 22:02:52.617 [main] Log - A new user is on register page
[INFO ] 2024-08-12 22:04:07.137 [main] Log - A new user fill out form with to register
[WARN ] 2024-08-12 22:04:07.997 [main] LabelBuilder - Composite tag @ALLURE.LABEL.OWNER is not supported. adding it as RAW
[INFO ] 2024-08-12 22:04:08.004 [main] Log - Instantiating Browser...
[INFO ] 2024-08-12 22:04:12.236 [main] Log - Maximize the window...
[INFO ] 2024-08-12 22:04:12.244 [main] Log - Delete Cookies...
[INFO ] 2024-08-12 22:04:12.288 [main] Log - A new user is on register page
[INFO ] 2024-08-12 22:04:16.050 [main] Log - A new user fill out form with to register
[WARN ] 2024-08-12 22:18:24.091 [main] LabelBuilder - Composite tag @ALLURE.LABEL.OWNER is not supported. adding it as RAW
[INFO ] 2024-08-12 22:18:24.126 [main] Log - Instantiating Browser...
[INFO ] 2024-08-12 22:18:28.608 [main] Log - Maximize the window...
[INFO ] 2024-08-12 22:18:28.618 [main] Log - Delete Cookies...
[INFO ] 2024-08-12 22:18:28.739 [main] Log - A new user is on register page
[INFO ] 2024-08-12 22:18:29.953 [main] Log - A new user fill out form with to register
[INFO ] 2024-08-12 22:18:35.314 [main] Log - Tests are ending ... 
[WARN ] 2024-08-12 22:18:35.395 [main] LabelBuilder - Composite tag @ALLURE.LABEL.OWNER is not supported. adding it as RAW
[INFO ] 2024-08-12 22:18:35.398 [main] Log - Instantiating Browser...
[INFO ] 2024-08-12 22:18:39.733 [main] Log - Maximize the window...
[INFO ] 2024-08-12 22:18:39.746 [main] Log - Delete Cookies...
[INFO ] 2024-08-12 22:18:39.764 [main] Log - A new user is on register page
[INFO ] 2024-08-12 22:18:40.762 [main] Log - A new user fill out form with to register
[INFO ] 2024-08-12 22:18:45.903 [main] Log - Tests are ending ... 
